<?xml version="1.0" encoding="UTF-8"?>
<testsuite name="com.springjpa.SpringJpaPostgreSqlApplicationTests" time="0.004" tests="1" errors="1" skipped="0" failures="0">
  <properties>
[...]
</properties>
  <testcase name="initializationError" classname="com.springjpa.SpringJpaPostgreSqlApplicationTests" time="0.004">
    <error message="Unable to find a @SpringBootConfiguration, you need to use @ContextConfiguration or @SpringBootTest(classes=...) with your test" type="java.lang.IllegalStateException"><![CDATA[java.lang.IllegalStateException: Unable to find a @SpringBootConfiguration, you need to use @ContextConfiguration or @SpringBootTest(classes=...) with your test
	at org.springframework.util.Assert.state(Assert.java:70)
	at org.springframework.boot.test.context.SpringBootTestContextBootstrapper.getOrFindConfigurationClasses(SpringBootTestContextBootstrapper.java:202)
	at org.springframework.boot.test.context.SpringBootTestContextBootstrapper.processMergedContextConfiguration(SpringBootTestContextBootstrapper.java:137)
	at org.springframework.test.context.support.AbstractTestContextBootstrapper.buildMergedContextConfiguration(AbstractTestContextBootstrapper.java:409)
	at org.springframework.test.context.support.AbstractTestContextBootstrapper.buildDefaultMergedContextConfiguration(AbstractTestContextBootstrapper.java:323)
	at org.springframework.test.context.support.AbstractTestContextBootstrapper.buildMergedContextConfiguration(AbstractTestContextBootstrapper.java:277)
	at org.springframework.test.context.support.AbstractTestContextBootstrapper.buildTestContext(AbstractTestContextBootstrapper.java:112)
	at org.springframework.boot.test.context.SpringBootTestContextBootstrapper.buildTestContext(SpringBootTestContextBootstrapper.java:82)
	at org.springframework.test.context.TestContextManager.<init>(TestContextManager.java:120)
	at org.springframework.test.context.TestContextManager.<init>(TestContextManager.java:105)
	at org.springframework.test.context.junit4.SpringJUnit4ClassRunner.createTestContextManager(SpringJUnit4ClassRunner.java:152)
	at org.springframework.test.context.junit4.SpringJUnit4ClassRunner.<init>(SpringJUnit4ClassRunner.java:143)
	at org.springframework.test.context.junit4.SpringRunner.<init>(SpringRunner.java:49)
	at sun.reflect.NativeConstructorAccessorImpl.newInstance0(Native Method)
	at sun.reflect.NativeConstructorAccessorImpl.newInstance(NativeConstructorAccessorImpl.java:62)
	at sun.reflect.DelegatingConstructorAccessorImpl.newInstance(DelegatingConstructorAccessorImpl.java:45)
	at java.lang.reflect.Constructor.newInstance(Constructor.java:423)
	at org.junit.internal.builders.AnnotatedBuilder.buildRunner(AnnotatedBuilder.java:104)
	at org.junit.internal.builders.AnnotatedBuilder.runnerForClass(AnnotatedBuilder.java:86)
	at org.junit.runners.model.RunnerBuilder.safeRunnerForClass(RunnerBuilder.java:59)
	at org.junit.internal.builders.AllDefaultPossibilitiesBuilder.runnerForClass(AllDefaultPossibilitiesBuilder.java:26)
	at org.junit.runners.model.RunnerBuilder.safeRunnerForClass(RunnerBuilder.java:59)
	at org.junit.internal.requests.ClassRequest.getRunner(ClassRequest.java:33)
	at org.apache.maven.surefire.junit4.JUnit4Provider.execute(JUnit4Provider.java:283)
	at org.apache.maven.surefire.junit4.JUnit4Provider.executeWithRerun(JUnit4Provider.java:173)
	at org.apache.maven.surefire.junit4.JUnit4Provider.executeTestSet(JUnit4Provider.java:153)
	at org.apache.maven.surefire.junit4.JUnit4Provider.invoke(JUnit4Provider.java:128)
	at org.apache.maven.surefire.booter.ForkedBooter.invokeProviderInSameClassLoader(ForkedBooter.java:203)
	at org.apache.maven.surefire.booter.ForkedBooter.runSuitesInProcess(ForkedBooter.java:155)
	at org.apache.maven.surefire.booter.ForkedBooter.main(ForkedBooter.java:103)
]]></error>
    <system-out><![CDATA[18:12:08.947 [main] DEBUG org.springframework.test.context.junit4.SpringJUnit4ClassRunner - SpringJUnit4ClassRunner constructor called with [class com.springjpa.SpringJpaPostgreSqlApplicationTests]
18:12:08.967 [main] DEBUG org.springframework.test.context.BootstrapUtils - Instantiating CacheAwareContextLoaderDelegate from class [org.springframework.test.context.cache.DefaultCacheAwareContextLoaderDelegate]
18:12:09.006 [main] DEBUG org.springframework.test.context.BootstrapUtils - Instantiating BootstrapContext using constructor [public org.springframework.test.context.support.DefaultBootstrapContext(java.lang.Class,org.springframework.test.context.CacheAwareContextLoaderDelegate)]
18:12:09.048 [main] DEBUG org.springframework.test.context.BootstrapUtils - Instantiating TestContextBootstrapper for test class [com.springjpa.SpringJpaPostgreSqlApplicationTests] from class [org.springframework.boot.test.context.SpringBootTestContextBootstrapper]
18:12:09.102 [main] INFO org.springframework.boot.test.context.SpringBootTestContextBootstrapper - Neither @ContextConfiguration nor @ContextHierarchy found for test class [com.springjpa.SpringJpaPostgreSqlApplicationTests], using SpringBootContextLoader
18:12:09.115 [main] DEBUG org.springframework.test.context.support.AbstractContextLoader - Did not detect default resource location for test class [com.springjpa.SpringJpaPostgreSqlApplicationTests]: class path resource [com/springjpa/SpringJpaPostgreSqlApplicationTests-context.xml] does not exist
18:12:09.116 [main] DEBUG org.springframework.test.context.support.AbstractContextLoader - Did not detect default resource location for test class [com.springjpa.SpringJpaPostgreSqlApplicationTests]: class path resource [com/springjpa/SpringJpaPostgreSqlApplicationTestsContext.groovy] does not exist
18:12:09.116 [main] INFO org.springframework.test.context.support.AbstractContextLoader - Could not detect default resource locations for test class [com.springjpa.SpringJpaPostgreSqlApplicationTests]: no resource found for suffixes {-context.xml, Context.groovy}.
18:12:09.138 [main] INFO org.springframework.test.context.support.AnnotationConfigContextLoaderUtils - Could not detect default configuration classes for test class [com.springjpa.SpringJpaPostgreSqlApplicationTests]: SpringJpaPostgreSqlApplicationTests does not declare any static, non-private, non-final, nested classes annotated with @Configuration.
18:12:09.232 [main] DEBUG org.springframework.test.context.support.ActiveProfilesUtils - Could not find an 'annotation declaring class' for annotation type [org.springframework.test.context.ActiveProfiles] and class [com.springjpa.SpringJpaPostgreSqlApplicationTests]
18:12:09.265 [main] DEBUG org.springframework.core.env.StandardEnvironment - Adding PropertySource 'systemProperties' with lowest search precedence
18:12:09.266 [main] DEBUG org.springframework.core.env.StandardEnvironment - Adding PropertySource 'systemEnvironment' with lowest search precedence
18:12:09.268 [main] DEBUG org.springframework.core.env.StandardEnvironment - Initialized StandardEnvironment with PropertySources [MapPropertySource@1791868405 {name='systemProperties', properties={java.runtime.name=Java(TM) SE Runtime Environment, sun.boot.library.path=C:\Old laptop\Software\Java\jdk1.8.0_91\jre\bin, java.vm.version=25.91-b14, java.vm.vendor=Oracle Corporation, java.vendor.url=http://java.oracle.com/, path.separator=;, java.vm.name=Java HotSpot(TM) 64-Bit Server VM, file.encoding.pkg=sun.io, user.country=US, user.script=, sun.java.launcher=SUN_STANDARD, sun.os.patch.level=Service Pack 1, java.vm.specification.name=Java Virtual Machine Specification, user.dir=C:\Old laptop\Software\springboot\hospital\hosp-demo, java.runtime.version=1.8.0_91-b14, basedir=C:\Old laptop\Software\springboot\hospital\hosp-demo, java.awt.graphicsenv=sun.awt.Win32GraphicsEnvironment, java.endorsed.dirs=C:\Old laptop\Software\Java\jdk1.8.0_91\jre\lib\endorsed, os.arch=amd64, surefire.real.class.path=C:\Old laptop\Software\springboot\hospital\hosp-demo\target\surefire\surefirebooter876576250719511679.jar, java.io.tmpdir=C:\Users\305028~1\AppData\Local\Temp\, line.separator=
, java.vm.specification.vendor=Oracle Corporation, user.variant=, os.name=Windows 7, sun.jnu.encoding=Cp1252, java.library.path=C:\Old laptop\Software\Java\jdk1.8.0_91\jre\bin;C:\windows\Sun\Java\bin;C:\windows\system32;C:\windows;C:\ProgramData\Oracle\Java\javapath;C:\windows\system32;C:\windows;C:\windows\System32\Wbem;C:\windows\System32\WindowsPowerShell\v1.0\;C:\Program Files (x86)\Sennheiser\SoftphoneSDK\;C:\Program Files\TortoiseSVN\bin;C:\Program Files\nodejs\;C:\Old laptop\Software\apache-maven-3.3.9\bin;C:\Program Files\Amazon\AWSCLI\;C:\Users\305028482\AppData\Local\Programs\Python\Python36-32\python.exe;C:\Users\305028482\AppData\Roaming\npm;C:\Old laptop\Software\apache-maven-3.3.9\bin;C:\Users\305028482\AppData\Local\GitHubDesktop\bin;C:\Users\305028482\AppData\Local\Programs\Python\Python36-32\python.exe;., surefire.test.class.path=C:\Old laptop\Software\springboot\hospital\hosp-demo\target\test-classes;C:\Old laptop\Software\springboot\hospital\hosp-demo\target\classes;C:\maven\org\springframework\boot\spring-boot-starter-data-jpa\1.5.7.RELEASE\spring-boot-starter-data-jpa-1.5.7.RELEASE.jar;C:\maven\org\springframework\boot\spring-boot-starter\1.5.7.RELEASE\spring-boot-starter-1.5.7.RELEASE.jar;C:\maven\org\springframework\boot\spring-boot\1.5.7.RELEASE\spring-boot-1.5.7.RELEASE.jar;C:\maven\org\springframework\boot\spring-boot-autoconfigure\1.5.7.RELEASE\spring-boot-autoconfigure-1.5.7.RELEASE.jar;C:\maven\org\springframework\boot\spring-boot-starter-logging\1.5.7.RELEASE\spring-boot-starter-logging-1.5.7.RELEASE.jar;C:\maven\ch\qos\logback\logback-classic\1.1.11\logback-classic-1.1.11.jar;C:\maven\ch\qos\logback\logback-core\1.1.11\logback-core-1.1.11.jar;C:\maven\org\slf4j\jul-to-slf4j\1.7.25\jul-to-slf4j-1.7.25.jar;C:\maven\org\slf4j\log4j-over-slf4j\1.7.25\log4j-over-slf4j-1.7.25.jar;C:\maven\org\yaml\snakeyaml\1.17\snakeyaml-1.17.jar;C:\maven\org\springframework\boot\spring-boot-starter-aop\1.5.7.RELEASE\spring-boot-starter-aop-1.5.7.RELEASE.jar;C:\maven\org\springframework\spring-aop\4.3.11.RELEASE\spring-aop-4.3.11.RELEASE.jar;C:\maven\org\aspectj\aspectjweaver\1.8.10\aspectjweaver-1.8.10.jar;C:\maven\org\springframework\boot\spring-boot-starter-jdbc\1.5.7.RELEASE\spring-boot-starter-jdbc-1.5.7.RELEASE.jar;C:\maven\org\apache\tomcat\tomcat-jdbc\8.5.20\tomcat-jdbc-8.5.20.jar;C:\maven\org\apache\tomcat\tomcat-juli\8.5.20\tomcat-juli-8.5.20.jar;C:\maven\org\springframework\spring-jdbc\4.3.11.RELEASE\spring-jdbc-4.3.11.RELEASE.jar;C:\maven\org\hibernate\hibernate-core\5.0.12.Final\hibernate-core-5.0.12.Final.jar;C:\maven\org\jboss\logging\jboss-logging\3.3.1.Final\jboss-logging-3.3.1.Final.jar;C:\maven\org\hibernate\javax\persistence\hibernate-jpa-2.1-api\1.0.0.Final\hibernate-jpa-2.1-api-1.0.0.Final.jar;C:\maven\org\javassist\javassist\3.21.0-GA\javassist-3.21.0-GA.jar;C:\maven\antlr\antlr\2.7.7\antlr-2.7.7.jar;C:\maven\org\jboss\jandex\2.0.0.Final\jandex-2.0.0.Final.jar;C:\maven\dom4j\dom4j\1.6.1\dom4j-1.6.1.jar;C:\maven\org\hibernate\common\hibernate-commons-annotations\5.0.1.Final\hibernate-commons-annotations-5.0.1.Final.jar;C:\maven\org\hibernate\hibernate-entitymanager\5.0.12.Final\hibernate-entitymanager-5.0.12.Final.jar;C:\maven\javax\transaction\javax.transaction-api\1.2\javax.transaction-api-1.2.jar;C:\maven\org\springframework\data\spring-data-jpa\1.11.7.RELEASE\spring-data-jpa-1.11.7.RELEASE.jar;C:\maven\org\springframework\data\spring-data-commons\1.13.7.RELEASE\spring-data-commons-1.13.7.RELEASE.jar;C:\maven\org\springframework\spring-orm\4.3.11.RELEASE\spring-orm-4.3.11.RELEASE.jar;C:\maven\org\springframework\spring-context\4.3.11.RELEASE\spring-context-4.3.11.RELEASE.jar;C:\maven\org\springframework\spring-tx\4.3.11.RELEASE\spring-tx-4.3.11.RELEASE.jar;C:\maven\org\springframework\spring-beans\4.3.11.RELEASE\spring-beans-4.3.11.RELEASE.jar;C:\maven\org\slf4j\slf4j-api\1.7.25\slf4j-api-1.7.25.jar;C:\maven\org\slf4j\jcl-over-slf4j\1.7.25\jcl-over-slf4j-1.7.25.jar;C:\maven\org\springframework\spring-aspects\4.3.11.RELEASE\spring-aspects-4.3.11.RELEASE.jar;C:\maven\org\springframework\boot\spring-boot-starter-web\1.5.7.RELEASE\spring-boot-starter-web-1.5.7.RELEASE.jar;C:\maven\org\springframework\boot\spring-boot-starter-tomcat\1.5.7.RELEASE\spring-boot-starter-tomcat-1.5.7.RELEASE.jar;C:\maven\org\apache\tomcat\embed\tomcat-embed-core\8.5.20\tomcat-embed-core-8.5.20.jar;C:\maven\org\apache\tomcat\embed\tomcat-embed-el\8.5.20\tomcat-embed-el-8.5.20.jar;C:\maven\org\apache\tomcat\embed\tomcat-embed-websocket\8.5.20\tomcat-embed-websocket-8.5.20.jar;C:\maven\org\hibernate\hibernate-validator\5.3.5.Final\hibernate-validator-5.3.5.Final.jar;C:\maven\javax\validation\validation-api\1.1.0.Final\validation-api-1.1.0.Final.jar;C:\maven\com\fasterxml\classmate\1.3.4\classmate-1.3.4.jar;C:\maven\com\fasterxml\jackson\core\jackson-databind\2.8.10\jackson-databind-2.8.10.jar;C:\maven\com\fasterxml\jackson\core\jackson-annotations\2.8.0\jackson-annotations-2.8.0.jar;C:\maven\com\fasterxml\jackson\core\jackson-core\2.8.10\jackson-core-2.8.10.jar;C:\maven\org\springframework\spring-web\4.3.11.RELEASE\spring-web-4.3.11.RELEASE.jar;C:\maven\org\springframework\spring-webmvc\4.3.11.RELEASE\spring-webmvc-4.3.11.RELEASE.jar;C:\maven\org\springframework\spring-expression\4.3.11.RELEASE\spring-expression-4.3.11.RELEASE.jar;C:\maven\org\postgresql\postgresql\9.4.1212.jre7\postgresql-9.4.1212.jre7.jar;C:\maven\org\springframework\boot\spring-boot-starter-test\1.5.7.RELEASE\spring-boot-starter-test-1.5.7.RELEASE.jar;C:\maven\org\springframework\boot\spring-boot-test\1.5.7.RELEASE\spring-boot-test-1.5.7.RELEASE.jar;C:\maven\org\springframework\boot\spring-boot-test-autoconfigure\1.5.7.RELEASE\spring-boot-test-autoconfigure-1.5.7.RELEASE.jar;C:\maven\com\jayway\jsonpath\json-path\2.2.0\json-path-2.2.0.jar;C:\maven\net\minidev\json-smart\2.2.1\json-smart-2.2.1.jar;C:\maven\net\minidev\accessors-smart\1.1\accessors-smart-1.1.jar;C:\maven\org\ow2\asm\asm\5.0.3\asm-5.0.3.jar;C:\maven\junit\junit\4.12\junit-4.12.jar;C:\maven\org\assertj\assertj-core\2.6.0\assertj-core-2.6.0.jar;C:\maven\org\mockito\mockito-core\1.10.19\mockito-core-1.10.19.jar;C:\maven\org\objenesis\objenesis\2.1\objenesis-2.1.jar;C:\maven\org\hamcrest\hamcrest-core\1.3\hamcrest-core-1.3.jar;C:\maven\org\hamcrest\hamcrest-library\1.3\hamcrest-library-1.3.jar;C:\maven\org\skyscreamer\jsonassert\1.4.0\jsonassert-1.4.0.jar;C:\maven\com\vaadin\external\google\android-json\0.0.20131108.vaadin1\android-json-0.0.20131108.vaadin1.jar;C:\maven\org\springframework\spring-core\4.3.11.RELEASE\spring-core-4.3.11.RELEASE.jar;C:\maven\org\springframework\spring-test\4.3.11.RELEASE\spring-test-4.3.11.RELEASE.jar;C:\maven\org\webjars\angularjs\1.4.9\angularjs-1.4.9.jar;C:\maven\org\webjars\bootstrap\3.3.6\bootstrap-3.3.6.jar;C:\maven\org\webjars\jquery\1.11.1\jquery-1.11.1.jar;C:\maven\org\webjars\angular-ui\0.4.0\angular-ui-0.4.0.jar;C:\maven\org\webjars\angular-ui-bootstrap\0.10.0\angular-ui-bootstrap-0.10.0.jar;, java.specification.name=Java Platform API Specification, java.class.version=52.0, sun.management.compiler=HotSpot 64-Bit Tiered Compilers, os.version=6.1, user.home=C:\Users\305028482, user.timezone=Asia/Calcutta, java.awt.printerjob=sun.awt.windows.WPrinterJob, file.encoding=Cp1252, java.specification.version=1.8, java.class.path=C:\Old laptop\Software\springboot\hospital\hosp-demo\target\test-classes;C:\Old laptop\Software\springboot\hospital\hosp-demo\target\classes;C:\maven\org\springframework\boot\spring-boot-starter-data-jpa\1.5.7.RELEASE\spring-boot-starter-data-jpa-1.5.7.RELEASE.jar;C:\maven\org\springframework\boot\spring-boot-starter\1.5.7.RELEASE\spring-boot-starter-1.5.7.RELEASE.jar;C:\maven\org\springframework\boot\spring-boot\1.5.7.RELEASE\spring-boot-1.5.7.RELEASE.jar;C:\maven\org\springframework\boot\spring-boot-autoconfigure\1.5.7.RELEASE\spring-boot-autoconfigure-1.5.7.RELEASE.jar;C:\maven\org\springframework\boot\spring-boot-starter-logging\1.5.7.RELEASE\spring-boot-starter-logging-1.5.7.RELEASE.jar;C:\maven\ch\qos\logback\logback-classic\1.1.11\logback-classic-1.1.11.jar;C:\maven\ch\qos\logback\logback-core\1.1.11\logback-core-1.1.11.jar;C:\maven\org\slf4j\jul-to-slf4j\1.7.25\jul-to-slf4j-1.7.25.jar;C:\maven\org\slf4j\log4j-over-slf4j\1.7.25\log4j-over-slf4j-1.7.25.jar;C:\maven\org\yaml\snakeyaml\1.17\snakeyaml-1.17.jar;C:\maven\org\springframework\boot\spring-boot-starter-aop\1.5.7.RELEASE\spring-boot-starter-aop-1.5.7.RELEASE.jar;C:\maven\org\springframework\spring-aop\4.3.11.RELEASE\spring-aop-4.3.11.RELEASE.jar;C:\maven\org\aspectj\aspectjweaver\1.8.10\aspectjweaver-1.8.10.jar;C:\maven\org\springframework\boot\spring-boot-starter-jdbc\1.5.7.RELEASE\spring-boot-starter-jdbc-1.5.7.RELEASE.jar;C:\maven\org\apache\tomcat\tomcat-jdbc\8.5.20\tomcat-jdbc-8.5.20.jar;C:\maven\org\apache\tomcat\tomcat-juli\8.5.20\tomcat-juli-8.5.20.jar;C:\maven\org\springframework\spring-jdbc\4.3.11.RELEASE\spring-jdbc-4.3.11.RELEASE.jar;C:\maven\org\hibernate\hibernate-core\5.0.12.Final\hibernate-core-5.0.12.Final.jar;C:\maven\org\jboss\logging\jboss-logging\3.3.1.Final\jboss-logging-3.3.1.Final.jar;C:\maven\org\hibernate\javax\persistence\hibernate-jpa-2.1-api\1.0.0.Final\hibernate-jpa-2.1-api-1.0.0.Final.jar;C:\maven\org\javassist\javassist\3.21.0-GA\javassist-3.21.0-GA.jar;C:\maven\antlr\antlr\2.7.7\antlr-2.7.7.jar;C:\maven\org\jboss\jandex\2.0.0.Final\jandex-2.0.0.Final.jar;C:\maven\dom4j\dom4j\1.6.1\dom4j-1.6.1.jar;C:\maven\org\hibernate\common\hibernate-commons-annotations\5.0.1.Final\hibernate-commons-annotations-5.0.1.Final.jar;C:\maven\org\hibernate\hibernate-entitymanager\5.0.12.Final\hibernate-entitymanager-5.0.12.Final.jar;C:\maven\javax\transaction\javax.transaction-api\1.2\javax.transaction-api-1.2.jar;C:\maven\org\springframework\data\spring-data-jpa\1.11.7.RELEASE\spring-data-jpa-1.11.7.RELEASE.jar;C:\maven\org\springframework\data\spring-data-commons\1.13.7.RELEASE\spring-data-commons-1.13.7.RELEASE.jar;C:\maven\org\springframework\spring-orm\4.3.11.RELEASE\spring-orm-4.3.11.RELEASE.jar;C:\maven\org\springframework\spring-context\4.3.11.RELEASE\spring-context-4.3.11.RELEASE.jar;C:\maven\org\springframework\spring-tx\4.3.11.RELEASE\spring-tx-4.3.11.RELEASE.jar;C:\maven\org\springframework\spring-beans\4.3.11.RELEASE\spring-beans-4.3.11.RELEASE.jar;C:\maven\org\slf4j\slf4j-api\1.7.25\slf4j-api-1.7.25.jar;C:\maven\org\slf4j\jcl-over-slf4j\1.7.25\jcl-over-slf4j-1.7.25.jar;C:\maven\org\springframework\spring-aspects\4.3.11.RELEASE\spring-aspects-4.3.11.RELEASE.jar;C:\maven\org\springframework\boot\spring-boot-starter-web\1.5.7.RELEASE\spring-boot-starter-web-1.5.7.RELEASE.jar;C:\maven\org\springframework\boot\spring-boot-starter-tomcat\1.5.7.RELEASE\spring-boot-starter-tomcat-1.5.7.RELEASE.jar;C:\maven\org\apache\tomcat\embed\tomcat-embed-core\8.5.20\tomcat-embed-core-8.5.20.jar;C:\maven\org\apache\tomcat\embed\tomcat-embed-el\8.5.20\tomcat-embed-el-8.5.20.jar;C:\maven\org\apache\tomcat\embed\tomcat-embed-websocket\8.5.20\tomcat-embed-websocket-8.5.20.jar;C:\maven\org\hibernate\hibernate-validator\5.3.5.Final\hibernate-validator-5.3.5.Final.jar;C:\maven\javax\validation\validation-api\1.1.0.Final\validation-api-1.1.0.Final.jar;C:\maven\com\fasterxml\classmate\1.3.4\classmate-1.3.4.jar;C:\maven\com\fasterxml\jackson\core\jackson-databind\2.8.10\jackson-databind-2.8.10.jar;C:\maven\com\fasterxml\jackson\core\jackson-annotations\2.8.0\jackson-annotations-2.8.0.jar;C:\maven\com\fasterxml\jackson\core\jackson-core\2.8.10\jackson-core-2.8.10.jar;C:\maven\org\springframework\spring-web\4.3.11.RELEASE\spring-web-4.3.11.RELEASE.jar;C:\maven\org\springframework\spring-webmvc\4.3.11.RELEASE\spring-webmvc-4.3.11.RELEASE.jar;C:\maven\org\springframework\spring-expression\4.3.11.RELEASE\spring-expression-4.3.11.RELEASE.jar;C:\maven\org\postgresql\postgresql\9.4.1212.jre7\postgresql-9.4.1212.jre7.jar;C:\maven\org\springframework\boot\spring-boot-starter-test\1.5.7.RELEASE\spring-boot-starter-test-1.5.7.RELEASE.jar;C:\maven\org\springframework\boot\spring-boot-test\1.5.7.RELEASE\spring-boot-test-1.5.7.RELEASE.jar;C:\maven\org\springframework\boot\spring-boot-test-autoconfigure\1.5.7.RELEASE\spring-boot-test-autoconfigure-1.5.7.RELEASE.jar;C:\maven\com\jayway\jsonpath\json-path\2.2.0\json-path-2.2.0.jar;C:\maven\net\minidev\json-smart\2.2.1\json-smart-2.2.1.jar;C:\maven\net\minidev\accessors-smart\1.1\accessors-smart-1.1.jar;C:\maven\org\ow2\asm\asm\5.0.3\asm-5.0.3.jar;C:\maven\junit\junit\4.12\junit-4.12.jar;C:\maven\org\assertj\assertj-core\2.6.0\assertj-core-2.6.0.jar;C:\maven\org\mockito\mockito-core\1.10.19\mockito-core-1.10.19.jar;C:\maven\org\objenesis\objenesis\2.1\objenesis-2.1.jar;C:\maven\org\hamcrest\hamcrest-core\1.3\hamcrest-core-1.3.jar;C:\maven\org\hamcrest\hamcrest-library\1.3\hamcrest-library-1.3.jar;C:\maven\org\skyscreamer\jsonassert\1.4.0\jsonassert-1.4.0.jar;C:\maven\com\vaadin\external\google\android-json\0.0.20131108.vaadin1\android-json-0.0.20131108.vaadin1.jar;C:\maven\org\springframework\spring-core\4.3.11.RELEASE\spring-core-4.3.11.RELEASE.jar;C:\maven\org\springframework\spring-test\4.3.11.RELEASE\spring-test-4.3.11.RELEASE.jar;C:\maven\org\webjars\angularjs\1.4.9\angularjs-1.4.9.jar;C:\maven\org\webjars\bootstrap\3.3.6\bootstrap-3.3.6.jar;C:\maven\org\webjars\jquery\1.11.1\jquery-1.11.1.jar;C:\maven\org\webjars\angular-ui\0.4.0\angular-ui-0.4.0.jar;C:\maven\org\webjars\angular-ui-bootstrap\0.10.0\angular-ui-bootstrap-0.10.0.jar;, user.name=305028482, java.vm.specification.version=1.8, sun.java.command=C:\Old laptop\Software\springboot\hospital\hosp-demo\target\surefire\surefirebooter876576250719511679.jar C:\Old laptop\Software\springboot\hospital\hosp-demo\target\surefire\surefire7449149686822703299tmp C:\Old laptop\Software\springboot\hospital\hosp-demo\target\surefire\surefire_01882253590639499886tmp, java.home=C:\Old laptop\Software\Java\jdk1.8.0_91\jre, sun.arch.data.model=64, user.language=en, java.specification.vendor=Oracle Corporation, awt.toolkit=sun.awt.windows.WToolkit, java.vm.info=mixed mode, java.version=1.8.0_91, java.ext.dirs=C:\Old laptop\Software\Java\jdk1.8.0_91\jre\lib\ext;C:\windows\Sun\Java\lib\ext, sun.boot.class.path=C:\Old laptop\Software\Java\jdk1.8.0_91\jre\lib\resources.jar;C:\Old laptop\Software\Java\jdk1.8.0_91\jre\lib\rt.jar;C:\Old laptop\Software\Java\jdk1.8.0_91\jre\lib\sunrsasign.jar;C:\Old laptop\Software\Java\jdk1.8.0_91\jre\lib\jsse.jar;C:\Old laptop\Software\Java\jdk1.8.0_91\jre\lib\jce.jar;C:\Old laptop\Software\Java\jdk1.8.0_91\jre\lib\charsets.jar;C:\Old laptop\Software\Java\jdk1.8.0_91\jre\lib\jfr.jar;C:\Old laptop\Software\Java\jdk1.8.0_91\jre\classes, java.vendor=Oracle Corporation, localRepository=C:\maven, file.separator=\, java.vendor.url.bug=http://bugreport.sun.com/bugreport/, sun.io.unicode.encoding=UnicodeLittle, sun.cpu.endian=little, sun.desktop=windows, sun.cpu.isalist=amd64}}, SystemEnvironmentPropertySource@1260134048 {name='systemEnvironment', properties={PATH=C:\ProgramData\Oracle\Java\javapath;C:\windows\system32;C:\windows;C:\windows\System32\Wbem;C:\windows\System32\WindowsPowerShell\v1.0\;C:\Program Files (x86)\Sennheiser\SoftphoneSDK\;C:\Program Files\TortoiseSVN\bin;C:\Program Files\nodejs\;C:\Old laptop\Software\apache-maven-3.3.9\bin;C:\Program Files\Amazon\AWSCLI\;C:\Users\305028482\AppData\Local\Programs\Python\Python36-32\python.exe;C:\Users\305028482\AppData\Roaming\npm;C:\Old laptop\Software\apache-maven-3.3.9\bin;C:\Users\305028482\AppData\Local\GitHubDesktop\bin;C:\Users\305028482\AppData\Local\Programs\Python\Python36-32\python.exe, PROCESSOR_LEVEL=6, SYSTEMDRIVE=C:, FP_NO_HOST_CHECK=NO, SESSIONNAME=Console, ALLUSERSPROFILE=C:\ProgramData, PROCESSOR_ARCHITECTURE=AMD64, DEFLOGDIR=C:\ProgramData\McAfee\DesktopProtection, PROGRAMFILES=C:\Program Files, PSMODULEPATH=C:\windows\system32\WindowsPowerShell\v1.0\Modules\, PROGRAMDATA=C:\ProgramData, USERNAME=305028482, USERDNSDOMAIN=ASIA.MED.GE.COM, TYPE=LATITUDE, WDIR=C:\, PATHEXT=.COM;.EXE;.BAT;.CMD;.VBS;.VBE;.JS;.JSE;.WSF;.WSH;.MSC, CLASSWORLDS_JAR="C:\Old laptop\Software\apache-maven-3.3.9\bin\..\boot\plexus-classworlds-2.5.2.jar", WINDIR=C:\windows, HOMEPATH=\Users\305028482, PROCESSOR_IDENTIFIER=Intel64 Family 6 Model 78 Stepping 3, GenuineIntel, WINDOWS_TRACING_LOGFILE=C:\BVTBin\Tests\installpackage\csilogfile.log, M2_HOME=C:\Old laptop\Software\apache-maven-3.3.9\bin\.., MAVEN_JAVA_EXE="C:\Old laptop\Software\Java\jdk1.8.0_91\bin\java.exe", PUBLIC=C:\Users\Public, SYSTEMOS=W764, LOCALAPPDATA=C:\Users\305028482\AppData\Local, COMMONPROGRAMFILES(X86)=C:\Program Files (x86)\Common Files, USERDOMAIN=GEMEDASIA, LOGONSERVER=\\SGSINDC02, JAVA_HOME=C:\Old laptop\Software\Java\jdk1.8.0_91, PROMPT=$P$G, PROGRAMFILES(X86)=C:\Program Files (x86), HTTP_PROXY=http://3.20.128.5:88, ERROR_CODE=0, EXEC_DIR=C:\Old laptop\Software\springboot\hospital\hosp-demo, WINDOWS_TRACING_FLAGS=3, =C:=C:\Old laptop\Software\springboot\hospital\hosp-demo, APPDATA=C:\Users\305028482\AppData\Roaming, HTTPS_PROXY=http://3.20.128.5:88, PROGRAMW6432=C:\Program Files, SYSTEMROOT=C:\windows, VSEDEFLOGDIR=C:\ProgramData\McAfee\DesktopProtection, MAVEN_CMD_LINE_ARGS=clean install, CHASSIS=Laptop, SERIAL=GBYSQC2, OS=Windows_NT, COMMONPROGRAMW6432=C:\Program Files\Common Files, COMPUTERNAME=GGBYSQC2E, COMMONPROGRAMFILES=C:\Program Files\Common Files, COMSPEC=C:\windows\system32\cmd.exe, MAVEN_PROJECTBASEDIR=C:\Old laptop\Software\springboot\hospital\hosp-demo, MODEL=E5470, PROCESSOR_REVISION=4e03, CLASSWORLDS_LAUNCHER=org.codehaus.plexus.classworlds.launcher.Launcher, TEMP=C:\Users\305028~1\AppData\Local\Temp, HOMEDRIVE=C:, USERPROFILE=C:\Users\305028482, TMP=C:\Users\305028~1\AppData\Local\Temp, NUMBER_OF_PROCESSORS=4, HOME=C:\Users\305028482}}]
18:12:09.297 [main] DEBUG org.springframework.core.io.support.PathMatchingResourcePatternResolver - Resolved classpath location [com/springjpa/] to resources [URL [file:/C:/Old%20laptop/Software/springboot/hospital/hosp-demo/target/test-classes/com/springjpa/]]
18:12:09.298 [main] DEBUG org.springframework.core.io.support.PathMatchingResourcePatternResolver - Looking for matching resources in directory tree [C:\Old laptop\Software\springboot\hospital\hosp-demo\target\test-classes\com\springjpa]
18:12:09.299 [main] DEBUG org.springframework.core.io.support.PathMatchingResourcePatternResolver - Searching directory [C:\Old laptop\Software\springboot\hospital\hosp-demo\target\test-classes\com\springjpa] for files matching pattern [C:/Old laptop/Software/springboot/hospital/hosp-demo/target/test-classes/com/springjpa/*.class]
18:12:09.305 [main] DEBUG org.springframework.core.io.support.PathMatchingResourcePatternResolver - Resolved location pattern [classpath*:com/springjpa/*.class] to resources [file [C:\Old laptop\Software\springboot\hospital\hosp-demo\target\test-classes\com\springjpa\SpringJpaPostgreSqlApplicationTests.class]]
18:12:09.342 [main] DEBUG org.springframework.core.io.support.PathMatchingResourcePatternResolver - Resolved classpath location [com/] to resources [URL [file:/C:/Old%20laptop/Software/springboot/hospital/hosp-demo/target/test-classes/com/], URL [file:/C:/Old%20laptop/Software/springboot/hospital/hosp-demo/target/classes/com/], URL [jar:file:/C:/maven/com/fasterxml/classmate/1.3.4/classmate-1.3.4.jar!/com/], URL [jar:file:/C:/maven/com/fasterxml/jackson/core/jackson-databind/2.8.10/jackson-databind-2.8.10.jar!/com/], URL [jar:file:/C:/maven/com/fasterxml/jackson/core/jackson-annotations/2.8.0/jackson-annotations-2.8.0.jar!/com/], URL [jar:file:/C:/maven/com/fasterxml/jackson/core/jackson-core/2.8.10/jackson-core-2.8.10.jar!/com/], URL [jar:file:/C:/maven/com/jayway/jsonpath/json-path/2.2.0/json-path-2.2.0.jar!/com/]]
18:12:09.343 [main] DEBUG org.springframework.core.io.support.PathMatchingResourcePatternResolver - Looking for matching resources in directory tree [C:\Old laptop\Software\springboot\hospital\hosp-demo\target\test-classes\com]
18:12:09.343 [main] DEBUG org.springframework.core.io.support.PathMatchingResourcePatternResolver - Searching directory [C:\Old laptop\Software\springboot\hospital\hosp-demo\target\test-classes\com] for files matching pattern [C:/Old laptop/Software/springboot/hospital/hosp-demo/target/test-classes/com/*.class]
18:12:09.344 [main] DEBUG org.springframework.core.io.support.PathMatchingResourcePatternResolver - Looking for matching resources in directory tree [C:\Old laptop\Software\springboot\hospital\hosp-demo\target\classes\com]
18:12:09.345 [main] DEBUG org.springframework.core.io.support.PathMatchingResourcePatternResolver - Searching directory [C:\Old laptop\Software\springboot\hospital\hosp-demo\target\classes\com] for files matching pattern [C:/Old laptop/Software/springboot/hospital/hosp-demo/target/classes/com/*.class]
18:12:09.346 [main] DEBUG org.springframework.core.io.support.PathMatchingResourcePatternResolver - Looking for matching resources in jar file [file:/C:/maven/com/fasterxml/classmate/1.3.4/classmate-1.3.4.jar]
18:12:09.351 [main] DEBUG org.springframework.core.io.support.PathMatchingResourcePatternResolver - Looking for matching resources in jar file [file:/C:/maven/com/fasterxml/jackson/core/jackson-databind/2.8.10/jackson-databind-2.8.10.jar]
18:12:09.385 [main] DEBUG org.springframework.core.io.support.PathMatchingResourcePatternResolver - Looking for matching resources in jar file [file:/C:/maven/com/fasterxml/jackson/core/jackson-annotations/2.8.0/jackson-annotations-2.8.0.jar]
18:12:09.391 [main] DEBUG org.springframework.core.io.support.PathMatchingResourcePatternResolver - Looking for matching resources in jar file [file:/C:/maven/com/fasterxml/jackson/core/jackson-core/2.8.10/jackson-core-2.8.10.jar]
18:12:09.394 [main] DEBUG org.springframework.core.io.support.PathMatchingResourcePatternResolver - Looking for matching resources in jar file [file:/C:/maven/com/jayway/jsonpath/json-path/2.2.0/json-path-2.2.0.jar]
18:12:09.397 [main] DEBUG org.springframework.core.io.support.PathMatchingResourcePatternResolver - Resolved location pattern [classpath*:com/*.class] to resources []
18:12:09.408 [main] DEBUG org.springframework.test.context.junit4.SpringJUnit4ClassRunner - SpringJUnit4ClassRunner constructor called with [class com.springjpa.SpringJpaPostgreSqlApplicationTests]
18:12:09.408 [main] DEBUG org.springframework.test.context.BootstrapUtils - Instantiating CacheAwareContextLoaderDelegate from class [org.springframework.test.context.cache.DefaultCacheAwareContextLoaderDelegate]
18:12:09.409 [main] DEBUG org.springframework.test.context.BootstrapUtils - Instantiating BootstrapContext using constructor [public org.springframework.test.context.support.DefaultBootstrapContext(java.lang.Class,org.springframework.test.context.CacheAwareContextLoaderDelegate)]
18:12:09.410 [main] DEBUG org.springframework.test.context.BootstrapUtils - Instantiating TestContextBootstrapper for test class [com.springjpa.SpringJpaPostgreSqlApplicationTests] from class [org.springframework.boot.test.context.SpringBootTestContextBootstrapper]
18:12:09.442 [main] INFO org.springframework.boot.test.context.SpringBootTestContextBootstrapper - Neither @ContextConfiguration nor @ContextHierarchy found for test class [com.springjpa.SpringJpaPostgreSqlApplicationTests], using SpringBootContextLoader
18:12:09.443 [main] DEBUG org.springframework.test.context.support.AbstractContextLoader - Did not detect default resource location for test class [com.springjpa.SpringJpaPostgreSqlApplicationTests]: class path resource [com/springjpa/SpringJpaPostgreSqlApplicationTests-context.xml] does not exist
18:12:09.444 [main] DEBUG org.springframework.test.context.support.AbstractContextLoader - Did not detect default resource location for test class [com.springjpa.SpringJpaPostgreSqlApplicationTests]: class path resource [com/springjpa/SpringJpaPostgreSqlApplicationTestsContext.groovy] does not exist
18:12:09.446 [main] INFO org.springframework.test.context.support.AbstractContextLoader - Could not detect default resource locations for test class [com.springjpa.SpringJpaPostgreSqlApplicationTests]: no resource found for suffixes {-context.xml, Context.groovy}.
18:12:09.446 [main] INFO org.springframework.test.context.support.AnnotationConfigContextLoaderUtils - Could not detect default configuration classes for test class [com.springjpa.SpringJpaPostgreSqlApplicationTests]: SpringJpaPostgreSqlApplicationTests does not declare any static, non-private, non-final, nested classes annotated with @Configuration.
18:12:09.473 [main] DEBUG org.springframework.test.context.support.ActiveProfilesUtils - Could not find an 'annotation declaring class' for annotation type [org.springframework.test.context.ActiveProfiles] and class [com.springjpa.SpringJpaPostgreSqlApplicationTests]
18:12:09.473 [main] DEBUG org.springframework.core.env.StandardEnvironment - Adding PropertySource 'systemProperties' with lowest search precedence
18:12:09.473 [main] DEBUG org.springframework.core.env.StandardEnvironment - Adding PropertySource 'systemEnvironment' with lowest search precedence
18:12:09.476 [main] DEBUG org.springframework.core.env.StandardEnvironment - Initialized StandardEnvironment with PropertySources [MapPropertySource@1970881185 {name='systemProperties', properties={java.runtime.name=Java(TM) SE Runtime Environment, sun.boot.library.path=C:\Old laptop\Software\Java\jdk1.8.0_91\jre\bin, java.vm.version=25.91-b14, java.vm.vendor=Oracle Corporation, java.vendor.url=http://java.oracle.com/, path.separator=;, java.vm.name=Java HotSpot(TM) 64-Bit Server VM, file.encoding.pkg=sun.io, user.country=US, user.script=, sun.java.launcher=SUN_STANDARD, sun.os.patch.level=Service Pack 1, java.vm.specification.name=Java Virtual Machine Specification, user.dir=C:\Old laptop\Software\springboot\hospital\hosp-demo, java.runtime.version=1.8.0_91-b14, basedir=C:\Old laptop\Software\springboot\hospital\hosp-demo, java.awt.graphicsenv=sun.awt.Win32GraphicsEnvironment, java.endorsed.dirs=C:\Old laptop\Software\Java\jdk1.8.0_91\jre\lib\endorsed, os.arch=amd64, surefire.real.class.path=C:\Old laptop\Software\springboot\hospital\hosp-demo\target\surefire\surefirebooter876576250719511679.jar, java.io.tmpdir=C:\Users\305028~1\AppData\Local\Temp\, line.separator=
, java.vm.specification.vendor=Oracle Corporation, user.variant=, os.name=Windows 7, sun.jnu.encoding=Cp1252, java.library.path=C:\Old laptop\Software\Java\jdk1.8.0_91\jre\bin;C:\windows\Sun\Java\bin;C:\windows\system32;C:\windows;C:\ProgramData\Oracle\Java\javapath;C:\windows\system32;C:\windows;C:\windows\System32\Wbem;C:\windows\System32\WindowsPowerShell\v1.0\;C:\Program Files (x86)\Sennheiser\SoftphoneSDK\;C:\Program Files\TortoiseSVN\bin;C:\Program Files\nodejs\;C:\Old laptop\Software\apache-maven-3.3.9\bin;C:\Program Files\Amazon\AWSCLI\;C:\Users\305028482\AppData\Local\Programs\Python\Python36-32\python.exe;C:\Users\305028482\AppData\Roaming\npm;C:\Old laptop\Software\apache-maven-3.3.9\bin;C:\Users\305028482\AppData\Local\GitHubDesktop\bin;C:\Users\305028482\AppData\Local\Programs\Python\Python36-32\python.exe;., surefire.test.class.path=C:\Old laptop\Software\springboot\hospital\hosp-demo\target\test-classes;C:\Old laptop\Software\springboot\hospital\hosp-demo\target\classes;C:\maven\org\springframework\boot\spring-boot-starter-data-jpa\1.5.7.RELEASE\spring-boot-starter-data-jpa-1.5.7.RELEASE.jar;C:\maven\org\springframework\boot\spring-boot-starter\1.5.7.RELEASE\spring-boot-starter-1.5.7.RELEASE.jar;C:\maven\org\springframework\boot\spring-boot\1.5.7.RELEASE\spring-boot-1.5.7.RELEASE.jar;C:\maven\org\springframework\boot\spring-boot-autoconfigure\1.5.7.RELEASE\spring-boot-autoconfigure-1.5.7.RELEASE.jar;C:\maven\org\springframework\boot\spring-boot-starter-logging\1.5.7.RELEASE\spring-boot-starter-logging-1.5.7.RELEASE.jar;C:\maven\ch\qos\logback\logback-classic\1.1.11\logback-classic-1.1.11.jar;C:\maven\ch\qos\logback\logback-core\1.1.11\logback-core-1.1.11.jar;C:\maven\org\slf4j\jul-to-slf4j\1.7.25\jul-to-slf4j-1.7.25.jar;C:\maven\org\slf4j\log4j-over-slf4j\1.7.25\log4j-over-slf4j-1.7.25.jar;C:\maven\org\yaml\snakeyaml\1.17\snakeyaml-1.17.jar;C:\maven\org\springframework\boot\spring-boot-starter-aop\1.5.7.RELEASE\spring-boot-starter-aop-1.5.7.RELEASE.jar;C:\maven\org\springframework\spring-aop\4.3.11.RELEASE\spring-aop-4.3.11.RELEASE.jar;C:\maven\org\aspectj\aspectjweaver\1.8.10\aspectjweaver-1.8.10.jar;C:\maven\org\springframework\boot\spring-boot-starter-jdbc\1.5.7.RELEASE\spring-boot-starter-jdbc-1.5.7.RELEASE.jar;C:\maven\org\apache\tomcat\tomcat-jdbc\8.5.20\tomcat-jdbc-8.5.20.jar;C:\maven\org\apache\tomcat\tomcat-juli\8.5.20\tomcat-juli-8.5.20.jar;C:\maven\org\springframework\spring-jdbc\4.3.11.RELEASE\spring-jdbc-4.3.11.RELEASE.jar;C:\maven\org\hibernate\hibernate-core\5.0.12.Final\hibernate-core-5.0.12.Final.jar;C:\maven\org\jboss\logging\jboss-logging\3.3.1.Final\jboss-logging-3.3.1.Final.jar;C:\maven\org\hibernate\javax\persistence\hibernate-jpa-2.1-api\1.0.0.Final\hibernate-jpa-2.1-api-1.0.0.Final.jar;C:\maven\org\javassist\javassist\3.21.0-GA\javassist-3.21.0-GA.jar;C:\maven\antlr\antlr\2.7.7\antlr-2.7.7.jar;C:\maven\org\jboss\jandex\2.0.0.Final\jandex-2.0.0.Final.jar;C:\maven\dom4j\dom4j\1.6.1\dom4j-1.6.1.jar;C:\maven\org\hibernate\common\hibernate-commons-annotations\5.0.1.Final\hibernate-commons-annotations-5.0.1.Final.jar;C:\maven\org\hibernate\hibernate-entitymanager\5.0.12.Final\hibernate-entitymanager-5.0.12.Final.jar;C:\maven\javax\transaction\javax.transaction-api\1.2\javax.transaction-api-1.2.jar;C:\maven\org\springframework\data\spring-data-jpa\1.11.7.RELEASE\spring-data-jpa-1.11.7.RELEASE.jar;C:\maven\org\springframework\data\spring-data-commons\1.13.7.RELEASE\spring-data-commons-1.13.7.RELEASE.jar;C:\maven\org\springframework\spring-orm\4.3.11.RELEASE\spring-orm-4.3.11.RELEASE.jar;C:\maven\org\springframework\spring-context\4.3.11.RELEASE\spring-context-4.3.11.RELEASE.jar;C:\maven\org\springframework\spring-tx\4.3.11.RELEASE\spring-tx-4.3.11.RELEASE.jar;C:\maven\org\springframework\spring-beans\4.3.11.RELEASE\spring-beans-4.3.11.RELEASE.jar;C:\maven\org\slf4j\slf4j-api\1.7.25\slf4j-api-1.7.25.jar;C:\maven\org\slf4j\jcl-over-slf4j\1.7.25\jcl-over-slf4j-1.7.25.jar;C:\maven\org\springframework\spring-aspects\4.3.11.RELEASE\spring-aspects-4.3.11.RELEASE.jar;C:\maven\org\springframework\boot\spring-boot-starter-web\1.5.7.RELEASE\spring-boot-starter-web-1.5.7.RELEASE.jar;C:\maven\org\springframework\boot\spring-boot-starter-tomcat\1.5.7.RELEASE\spring-boot-starter-tomcat-1.5.7.RELEASE.jar;C:\maven\org\apache\tomcat\embed\tomcat-embed-core\8.5.20\tomcat-embed-core-8.5.20.jar;C:\maven\org\apache\tomcat\embed\tomcat-embed-el\8.5.20\tomcat-embed-el-8.5.20.jar;C:\maven\org\apache\tomcat\embed\tomcat-embed-websocket\8.5.20\tomcat-embed-websocket-8.5.20.jar;C:\maven\org\hibernate\hibernate-validator\5.3.5.Final\hibernate-validator-5.3.5.Final.jar;C:\maven\javax\validation\validation-api\1.1.0.Final\validation-api-1.1.0.Final.jar;C:\maven\com\fasterxml\classmate\1.3.4\classmate-1.3.4.jar;C:\maven\com\fasterxml\jackson\core\jackson-databind\2.8.10\jackson-databind-2.8.10.jar;C:\maven\com\fasterxml\jackson\core\jackson-annotations\2.8.0\jackson-annotations-2.8.0.jar;C:\maven\com\fasterxml\jackson\core\jackson-core\2.8.10\jackson-core-2.8.10.jar;C:\maven\org\springframework\spring-web\4.3.11.RELEASE\spring-web-4.3.11.RELEASE.jar;C:\maven\org\springframework\spring-webmvc\4.3.11.RELEASE\spring-webmvc-4.3.11.RELEASE.jar;C:\maven\org\springframework\spring-expression\4.3.11.RELEASE\spring-expression-4.3.11.RELEASE.jar;C:\maven\org\postgresql\postgresql\9.4.1212.jre7\postgresql-9.4.1212.jre7.jar;C:\maven\org\springframework\boot\spring-boot-starter-test\1.5.7.RELEASE\spring-boot-starter-test-1.5.7.RELEASE.jar;C:\maven\org\springframework\boot\spring-boot-test\1.5.7.RELEASE\spring-boot-test-1.5.7.RELEASE.jar;C:\maven\org\springframework\boot\spring-boot-test-autoconfigure\1.5.7.RELEASE\spring-boot-test-autoconfigure-1.5.7.RELEASE.jar;C:\maven\com\jayway\jsonpath\json-path\2.2.0\json-path-2.2.0.jar;C:\maven\net\minidev\json-smart\2.2.1\json-smart-2.2.1.jar;C:\maven\net\minidev\accessors-smart\1.1\accessors-smart-1.1.jar;C:\maven\org\ow2\asm\asm\5.0.3\asm-5.0.3.jar;C:\maven\junit\junit\4.12\junit-4.12.jar;C:\maven\org\assertj\assertj-core\2.6.0\assertj-core-2.6.0.jar;C:\maven\org\mockito\mockito-core\1.10.19\mockito-core-1.10.19.jar;C:\maven\org\objenesis\objenesis\2.1\objenesis-2.1.jar;C:\maven\org\hamcrest\hamcrest-core\1.3\hamcrest-core-1.3.jar;C:\maven\org\hamcrest\hamcrest-library\1.3\hamcrest-library-1.3.jar;C:\maven\org\skyscreamer\jsonassert\1.4.0\jsonassert-1.4.0.jar;C:\maven\com\vaadin\external\google\android-json\0.0.20131108.vaadin1\android-json-0.0.20131108.vaadin1.jar;C:\maven\org\springframework\spring-core\4.3.11.RELEASE\spring-core-4.3.11.RELEASE.jar;C:\maven\org\springframework\spring-test\4.3.11.RELEASE\spring-test-4.3.11.RELEASE.jar;C:\maven\org\webjars\angularjs\1.4.9\angularjs-1.4.9.jar;C:\maven\org\webjars\bootstrap\3.3.6\bootstrap-3.3.6.jar;C:\maven\org\webjars\jquery\1.11.1\jquery-1.11.1.jar;C:\maven\org\webjars\angular-ui\0.4.0\angular-ui-0.4.0.jar;C:\maven\org\webjars\angular-ui-bootstrap\0.10.0\angular-ui-bootstrap-0.10.0.jar;, java.specification.name=Java Platform API Specification, java.class.version=52.0, sun.management.compiler=HotSpot 64-Bit Tiered Compilers, os.version=6.1, user.home=C:\Users\305028482, user.timezone=Asia/Calcutta, java.awt.printerjob=sun.awt.windows.WPrinterJob, file.encoding=Cp1252, java.specification.version=1.8, java.class.path=C:\Old laptop\Software\springboot\hospital\hosp-demo\target\test-classes;C:\Old laptop\Software\springboot\hospital\hosp-demo\target\classes;C:\maven\org\springframework\boot\spring-boot-starter-data-jpa\1.5.7.RELEASE\spring-boot-starter-data-jpa-1.5.7.RELEASE.jar;C:\maven\org\springframework\boot\spring-boot-starter\1.5.7.RELEASE\spring-boot-starter-1.5.7.RELEASE.jar;C:\maven\org\springframework\boot\spring-boot\1.5.7.RELEASE\spring-boot-1.5.7.RELEASE.jar;C:\maven\org\springframework\boot\spring-boot-autoconfigure\1.5.7.RELEASE\spring-boot-autoconfigure-1.5.7.RELEASE.jar;C:\maven\org\springframework\boot\spring-boot-starter-logging\1.5.7.RELEASE\spring-boot-starter-logging-1.5.7.RELEASE.jar;C:\maven\ch\qos\logback\logback-classic\1.1.11\logback-classic-1.1.11.jar;C:\maven\ch\qos\logback\logback-core\1.1.11\logback-core-1.1.11.jar;C:\maven\org\slf4j\jul-to-slf4j\1.7.25\jul-to-slf4j-1.7.25.jar;C:\maven\org\slf4j\log4j-over-slf4j\1.7.25\log4j-over-slf4j-1.7.25.jar;C:\maven\org\yaml\snakeyaml\1.17\snakeyaml-1.17.jar;C:\maven\org\springframework\boot\spring-boot-starter-aop\1.5.7.RELEASE\spring-boot-starter-aop-1.5.7.RELEASE.jar;C:\maven\org\springframework\spring-aop\4.3.11.RELEASE\spring-aop-4.3.11.RELEASE.jar;C:\maven\org\aspectj\aspectjweaver\1.8.10\aspectjweaver-1.8.10.jar;C:\maven\org\springframework\boot\spring-boot-starter-jdbc\1.5.7.RELEASE\spring-boot-starter-jdbc-1.5.7.RELEASE.jar;C:\maven\org\apache\tomcat\tomcat-jdbc\8.5.20\tomcat-jdbc-8.5.20.jar;C:\maven\org\apache\tomcat\tomcat-juli\8.5.20\tomcat-juli-8.5.20.jar;C:\maven\org\springframework\spring-jdbc\4.3.11.RELEASE\spring-jdbc-4.3.11.RELEASE.jar;C:\maven\org\hibernate\hibernate-core\5.0.12.Final\hibernate-core-5.0.12.Final.jar;C:\maven\org\jboss\logging\jboss-logging\3.3.1.Final\jboss-logging-3.3.1.Final.jar;C:\maven\org\hibernate\javax\persistence\hibernate-jpa-2.1-api\1.0.0.Final\hibernate-jpa-2.1-api-1.0.0.Final.jar;C:\maven\org\javassist\javassist\3.21.0-GA\javassist-3.21.0-GA.jar;C:\maven\antlr\antlr\2.7.7\antlr-2.7.7.jar;C:\maven\org\jboss\jandex\2.0.0.Final\jandex-2.0.0.Final.jar;C:\maven\dom4j\dom4j\1.6.1\dom4j-1.6.1.jar;C:\maven\org\hibernate\common\hibernate-commons-annotations\5.0.1.Final\hibernate-commons-annotations-5.0.1.Final.jar;C:\maven\org\hibernate\hibernate-entitymanager\5.0.12.Final\hibernate-entitymanager-5.0.12.Final.jar;C:\maven\javax\transaction\javax.transaction-api\1.2\javax.transaction-api-1.2.jar;C:\maven\org\springframework\data\spring-data-jpa\1.11.7.RELEASE\spring-data-jpa-1.11.7.RELEASE.jar;C:\maven\org\springframework\data\spring-data-commons\1.13.7.RELEASE\spring-data-commons-1.13.7.RELEASE.jar;C:\maven\org\springframework\spring-orm\4.3.11.RELEASE\spring-orm-4.3.11.RELEASE.jar;C:\maven\org\springframework\spring-context\4.3.11.RELEASE\spring-context-4.3.11.RELEASE.jar;C:\maven\org\springframework\spring-tx\4.3.11.RELEASE\spring-tx-4.3.11.RELEASE.jar;C:\maven\org\springframework\spring-beans\4.3.11.RELEASE\spring-beans-4.3.11.RELEASE.jar;C:\maven\org\slf4j\slf4j-api\1.7.25\slf4j-api-1.7.25.jar;C:\maven\org\slf4j\jcl-over-slf4j\1.7.25\jcl-over-slf4j-1.7.25.jar;C:\maven\org\springframework\spring-aspects\4.3.11.RELEASE\spring-aspects-4.3.11.RELEASE.jar;C:\maven\org\springframework\boot\spring-boot-starter-web\1.5.7.RELEASE\spring-boot-starter-web-1.5.7.RELEASE.jar;C:\maven\org\springframework\boot\spring-boot-starter-tomcat\1.5.7.RELEASE\spring-boot-starter-tomcat-1.5.7.RELEASE.jar;C:\maven\org\apache\tomcat\embed\tomcat-embed-core\8.5.20\tomcat-embed-core-8.5.20.jar;C:\maven\org\apache\tomcat\embed\tomcat-embed-el\8.5.20\tomcat-embed-el-8.5.20.jar;C:\maven\org\apache\tomcat\embed\tomcat-embed-websocket\8.5.20\tomcat-embed-websocket-8.5.20.jar;C:\maven\org\hibernate\hibernate-validator\5.3.5.Final\hibernate-validator-5.3.5.Final.jar;C:\maven\javax\validation\validation-api\1.1.0.Final\validation-api-1.1.0.Final.jar;C:\maven\com\fasterxml\classmate\1.3.4\classmate-1.3.4.jar;C:\maven\com\fasterxml\jackson\core\jackson-databind\2.8.10\jackson-databind-2.8.10.jar;C:\maven\com\fasterxml\jackson\core\jackson-annotations\2.8.0\jackson-annotations-2.8.0.jar;C:\maven\com\fasterxml\jackson\core\jackson-core\2.8.10\jackson-core-2.8.10.jar;C:\maven\org\springframework\spring-web\4.3.11.RELEASE\spring-web-4.3.11.RELEASE.jar;C:\maven\org\springframework\spring-webmvc\4.3.11.RELEASE\spring-webmvc-4.3.11.RELEASE.jar;C:\maven\org\springframework\spring-expression\4.3.11.RELEASE\spring-expression-4.3.11.RELEASE.jar;C:\maven\org\postgresql\postgresql\9.4.1212.jre7\postgresql-9.4.1212.jre7.jar;C:\maven\org\springframework\boot\spring-boot-starter-test\1.5.7.RELEASE\spring-boot-starter-test-1.5.7.RELEASE.jar;C:\maven\org\springframework\boot\spring-boot-test\1.5.7.RELEASE\spring-boot-test-1.5.7.RELEASE.jar;C:\maven\org\springframework\boot\spring-boot-test-autoconfigure\1.5.7.RELEASE\spring-boot-test-autoconfigure-1.5.7.RELEASE.jar;C:\maven\com\jayway\jsonpath\json-path\2.2.0\json-path-2.2.0.jar;C:\maven\net\minidev\json-smart\2.2.1\json-smart-2.2.1.jar;C:\maven\net\minidev\accessors-smart\1.1\accessors-smart-1.1.jar;C:\maven\org\ow2\asm\asm\5.0.3\asm-5.0.3.jar;C:\maven\junit\junit\4.12\junit-4.12.jar;C:\maven\org\assertj\assertj-core\2.6.0\assertj-core-2.6.0.jar;C:\maven\org\mockito\mockito-core\1.10.19\mockito-core-1.10.19.jar;C:\maven\org\objenesis\objenesis\2.1\objenesis-2.1.jar;C:\maven\org\hamcrest\hamcrest-core\1.3\hamcrest-core-1.3.jar;C:\maven\org\hamcrest\hamcrest-library\1.3\hamcrest-library-1.3.jar;C:\maven\org\skyscreamer\jsonassert\1.4.0\jsonassert-1.4.0.jar;C:\maven\com\vaadin\external\google\android-json\0.0.20131108.vaadin1\android-json-0.0.20131108.vaadin1.jar;C:\maven\org\springframework\spring-core\4.3.11.RELEASE\spring-core-4.3.11.RELEASE.jar;C:\maven\org\springframework\spring-test\4.3.11.RELEASE\spring-test-4.3.11.RELEASE.jar;C:\maven\org\webjars\angularjs\1.4.9\angularjs-1.4.9.jar;C:\maven\org\webjars\bootstrap\3.3.6\bootstrap-3.3.6.jar;C:\maven\org\webjars\jquery\1.11.1\jquery-1.11.1.jar;C:\maven\org\webjars\angular-ui\0.4.0\angular-ui-0.4.0.jar;C:\maven\org\webjars\angular-ui-bootstrap\0.10.0\angular-ui-bootstrap-0.10.0.jar;, user.name=305028482, java.vm.specification.version=1.8, sun.java.command=C:\Old laptop\Software\springboot\hospital\hosp-demo\target\surefire\surefirebooter876576250719511679.jar C:\Old laptop\Software\springboot\hospital\hosp-demo\target\surefire\surefire7449149686822703299tmp C:\Old laptop\Software\springboot\hospital\hosp-demo\target\surefire\surefire_01882253590639499886tmp, java.home=C:\Old laptop\Software\Java\jdk1.8.0_91\jre, sun.arch.data.model=64, user.language=en, java.specification.vendor=Oracle Corporation, awt.toolkit=sun.awt.windows.WToolkit, java.vm.info=mixed mode, java.version=1.8.0_91, java.ext.dirs=C:\Old laptop\Software\Java\jdk1.8.0_91\jre\lib\ext;C:\windows\Sun\Java\lib\ext, sun.boot.class.path=C:\Old laptop\Software\Java\jdk1.8.0_91\jre\lib\resources.jar;C:\Old laptop\Software\Java\jdk1.8.0_91\jre\lib\rt.jar;C:\Old laptop\Software\Java\jdk1.8.0_91\jre\lib\sunrsasign.jar;C:\Old laptop\Software\Java\jdk1.8.0_91\jre\lib\jsse.jar;C:\Old laptop\Software\Java\jdk1.8.0_91\jre\lib\jce.jar;C:\Old laptop\Software\Java\jdk1.8.0_91\jre\lib\charsets.jar;C:\Old laptop\Software\Java\jdk1.8.0_91\jre\lib\jfr.jar;C:\Old laptop\Software\Java\jdk1.8.0_91\jre\classes, java.vendor=Oracle Corporation, localRepository=C:\maven, file.separator=\, java.vendor.url.bug=http://bugreport.sun.com/bugreport/, sun.io.unicode.encoding=UnicodeLittle, sun.cpu.endian=little, sun.desktop=windows, sun.cpu.isalist=amd64}}, SystemEnvironmentPropertySource@1250391581 {name='systemEnvironment', properties={PATH=C:\ProgramData\Oracle\Java\javapath;C:\windows\system32;C:\windows;C:\windows\System32\Wbem;C:\windows\System32\WindowsPowerShell\v1.0\;C:\Program Files (x86)\Sennheiser\SoftphoneSDK\;C:\Program Files\TortoiseSVN\bin;C:\Program Files\nodejs\;C:\Old laptop\Software\apache-maven-3.3.9\bin;C:\Program Files\Amazon\AWSCLI\;C:\Users\305028482\AppData\Local\Programs\Python\Python36-32\python.exe;C:\Users\305028482\AppData\Roaming\npm;C:\Old laptop\Software\apache-maven-3.3.9\bin;C:\Users\305028482\AppData\Local\GitHubDesktop\bin;C:\Users\305028482\AppData\Local\Programs\Python\Python36-32\python.exe, PROCESSOR_LEVEL=6, SYSTEMDRIVE=C:, FP_NO_HOST_CHECK=NO, SESSIONNAME=Console, ALLUSERSPROFILE=C:\ProgramData, PROCESSOR_ARCHITECTURE=AMD64, DEFLOGDIR=C:\ProgramData\McAfee\DesktopProtection, PROGRAMFILES=C:\Program Files, PSMODULEPATH=C:\windows\system32\WindowsPowerShell\v1.0\Modules\, PROGRAMDATA=C:\ProgramData, USERNAME=305028482, USERDNSDOMAIN=ASIA.MED.GE.COM, TYPE=LATITUDE, WDIR=C:\, PATHEXT=.COM;.EXE;.BAT;.CMD;.VBS;.VBE;.JS;.JSE;.WSF;.WSH;.MSC, CLASSWORLDS_JAR="C:\Old laptop\Software\apache-maven-3.3.9\bin\..\boot\plexus-classworlds-2.5.2.jar", WINDIR=C:\windows, HOMEPATH=\Users\305028482, PROCESSOR_IDENTIFIER=Intel64 Family 6 Model 78 Stepping 3, GenuineIntel, WINDOWS_TRACING_LOGFILE=C:\BVTBin\Tests\installpackage\csilogfile.log, M2_HOME=C:\Old laptop\Software\apache-maven-3.3.9\bin\.., MAVEN_JAVA_EXE="C:\Old laptop\Software\Java\jdk1.8.0_91\bin\java.exe", PUBLIC=C:\Users\Public, SYSTEMOS=W764, LOCALAPPDATA=C:\Users\305028482\AppData\Local, COMMONPROGRAMFILES(X86)=C:\Program Files (x86)\Common Files, USERDOMAIN=GEMEDASIA, LOGONSERVER=\\SGSINDC02, JAVA_HOME=C:\Old laptop\Software\Java\jdk1.8.0_91, PROMPT=$P$G, PROGRAMFILES(X86)=C:\Program Files (x86), HTTP_PROXY=http://3.20.128.5:88, ERROR_CODE=0, EXEC_DIR=C:\Old laptop\Software\springboot\hospital\hosp-demo, WINDOWS_TRACING_FLAGS=3, =C:=C:\Old laptop\Software\springboot\hospital\hosp-demo, APPDATA=C:\Users\305028482\AppData\Roaming, HTTPS_PROXY=http://3.20.128.5:88, PROGRAMW6432=C:\Program Files, SYSTEMROOT=C:\windows, VSEDEFLOGDIR=C:\ProgramData\McAfee\DesktopProtection, MAVEN_CMD_LINE_ARGS=clean install, CHASSIS=Laptop, SERIAL=GBYSQC2, OS=Windows_NT, COMMONPROGRAMW6432=C:\Program Files\Common Files, COMPUTERNAME=GGBYSQC2E, COMMONPROGRAMFILES=C:\Program Files\Common Files, COMSPEC=C:\windows\system32\cmd.exe, MAVEN_PROJECTBASEDIR=C:\Old laptop\Software\springboot\hospital\hosp-demo, MODEL=E5470, PROCESSOR_REVISION=4e03, CLASSWORLDS_LAUNCHER=org.codehaus.plexus.classworlds.launcher.Launcher, TEMP=C:\Users\305028~1\AppData\Local\Temp, HOMEDRIVE=C:, USERPROFILE=C:\Users\305028482, TMP=C:\Users\305028~1\AppData\Local\Temp, NUMBER_OF_PROCESSORS=4, HOME=C:\Users\305028482}}]
18:12:09.483 [main] DEBUG org.springframework.core.io.support.PathMatchingResourcePatternResolver - Resolved classpath location [com/springjpa/] to resources [URL [file:/C:/Old%20laptop/Software/springboot/hospital/hosp-demo/target/test-classes/com/springjpa/]]
18:12:09.483 [main] DEBUG org.springframework.core.io.support.PathMatchingResourcePatternResolver - Looking for matching resources in directory tree [C:\Old laptop\Software\springboot\hospital\hosp-demo\target\test-classes\com\springjpa]
18:12:09.483 [main] DEBUG org.springframework.core.io.support.PathMatchingResourcePatternResolver - Searching directory [C:\Old laptop\Software\springboot\hospital\hosp-demo\target\test-classes\com\springjpa] for files matching pattern [C:/Old laptop/Software/springboot/hospital/hosp-demo/target/test-classes/com/springjpa/*.class]
18:12:09.492 [main] DEBUG org.springframework.core.io.support.PathMatchingResourcePatternResolver - Resolved location pattern [classpath*:com/springjpa/*.class] to resources [file [C:\Old laptop\Software\springboot\hospital\hosp-demo\target\test-classes\com\springjpa\SpringJpaPostgreSqlApplicationTests.class]]
18:12:09.494 [main] DEBUG org.springframework.core.io.support.PathMatchingResourcePatternResolver - Resolved classpath location [com/] to resources [URL [file:/C:/Old%20laptop/Software/springboot/hospital/hosp-demo/target/test-classes/com/], URL [file:/C:/Old%20laptop/Software/springboot/hospital/hosp-demo/target/classes/com/], URL [jar:file:/C:/maven/com/fasterxml/classmate/1.3.4/classmate-1.3.4.jar!/com/], URL [jar:file:/C:/maven/com/fasterxml/jackson/core/jackson-databind/2.8.10/jackson-databind-2.8.10.jar!/com/], URL [jar:file:/C:/maven/com/fasterxml/jackson/core/jackson-annotations/2.8.0/jackson-annotations-2.8.0.jar!/com/], URL [jar:file:/C:/maven/com/fasterxml/jackson/core/jackson-core/2.8.10/jackson-core-2.8.10.jar!/com/], URL [jar:file:/C:/maven/com/jayway/jsonpath/json-path/2.2.0/json-path-2.2.0.jar!/com/]]
18:12:09.495 [main] DEBUG org.springframework.core.io.support.PathMatchingResourcePatternResolver - Looking for matching resources in directory tree [C:\Old laptop\Software\springboot\hospital\hosp-demo\target\test-classes\com]
18:12:09.495 [main] DEBUG org.springframework.core.io.support.PathMatchingResourcePatternResolver - Searching directory [C:\Old laptop\Software\springboot\hospital\hosp-demo\target\test-classes\com] for files matching pattern [C:/Old laptop/Software/springboot/hospital/hosp-demo/target/test-classes/com/*.class]
18:12:09.496 [main] DEBUG org.springframework.core.io.support.PathMatchingResourcePatternResolver - Looking for matching resources in directory tree [C:\Old laptop\Software\springboot\hospital\hosp-demo\target\classes\com]
18:12:09.496 [main] DEBUG org.springframework.core.io.support.PathMatchingResourcePatternResolver - Searching directory [C:\Old laptop\Software\springboot\hospital\hosp-demo\target\classes\com] for files matching pattern [C:/Old laptop/Software/springboot/hospital/hosp-demo/target/classes/com/*.class]
18:12:09.497 [main] DEBUG org.springframework.core.io.support.PathMatchingResourcePatternResolver - Looking for matching resources in jar file [file:/C:/maven/com/fasterxml/classmate/1.3.4/classmate-1.3.4.jar]
18:12:09.498 [main] DEBUG org.springframework.core.io.support.PathMatchingResourcePatternResolver - Looking for matching resources in jar file [file:/C:/maven/com/fasterxml/jackson/core/jackson-databind/2.8.10/jackson-databind-2.8.10.jar]
18:12:09.531 [main] DEBUG org.springframework.core.io.support.PathMatchingResourcePatternResolver - Looking for matching resources in jar file [file:/C:/maven/com/fasterxml/jackson/core/jackson-annotations/2.8.0/jackson-annotations-2.8.0.jar]
18:12:09.532 [main] DEBUG org.springframework.core.io.support.PathMatchingResourcePatternResolver - Looking for matching resources in jar file [file:/C:/maven/com/fasterxml/jackson/core/jackson-core/2.8.10/jackson-core-2.8.10.jar]
18:12:09.533 [main] DEBUG org.springframework.core.io.support.PathMatchingResourcePatternResolver - Looking for matching resources in jar file [file:/C:/maven/com/jayway/jsonpath/json-path/2.2.0/json-path-2.2.0.jar]
18:12:09.535 [main] DEBUG org.springframework.core.io.support.PathMatchingResourcePatternResolver - Resolved location pattern [classpath*:com/*.class] to resources []
]]></system-out>
  </testcase>
</testsuite>